[ 2015-01-26T10:10:19+08:00 ] 127.0.0.1 /wowo/css/stylesheet.css
INFO: [ app_init ] --START--
INFO: Run Behavior\BuildLiteBehavior [ RunTime:0.000000s ]
INFO: [ app_init ] --END-- [ RunTime:0.000000s ]
ERR: 无法加载模块:Css

[ 2015-01-26T10:10:20+08:00 ] 127.0.0.1 /wowo/css/stylesheet.css
INFO: [ app_init ] --START--
INFO: Run Behavior\BuildLiteBehavior [ RunTime:0.000000s ]
INFO: [ app_init ] --END-- [ RunTime:0.000000s ]
ERR: 无法加载模块:Css

[ 2015-01-26T10:11:15+08:00 ] 127.0.0.1 /wowo/css/stylesheet.css
INFO: [ app_init ] --START--
INFO: Run Behavior\BuildLiteBehavior [ RunTime:0.000000s ]
INFO: [ app_init ] --END-- [ RunTime:0.000000s ]
ERR: 无法加载模块:Css

[ 2015-01-26T10:11:17+08:00 ] 127.0.0.1 /wowo/css/stylesheet.css
INFO: [ app_init ] --START--
INFO: Run Behavior\BuildLiteBehavior [ RunTime:0.000000s ]
INFO: [ app_init ] --END-- [ RunTime:0.000000s ]
ERR: 无法加载模块:Css

[ 2015-01-26T10:12:19+08:00 ] 127.0.0.1 /wowo/css/stylesheet.css
INFO: [ app_init ] --START--
INFO: Run Behavior\BuildLiteBehavior [ RunTime:0.000000s ]
INFO: [ app_init ] --END-- [ RunTime:0.000000s ]
ERR: 无法加载模块:Css

[ 2015-01-26T10:13:18+08:00 ] 127.0.0.1 /wowo/css/stylesheet.css
INFO: [ app_init ] --START--
INFO: Run Behavior\BuildLiteBehavior [ RunTime:0.000000s ]
INFO: [ app_init ] --END-- [ RunTime:0.000000s ]
ERR: 无法加载模块:Css

[ 2015-01-26T10:13:19+08:00 ] 127.0.0.1 /wowo/css/stylesheet.css
INFO: [ app_init ] --START--
INFO: Run Behavior\BuildLiteBehavior [ RunTime:0.000000s ]
INFO: [ app_init ] --END-- [ RunTime:0.000000s ]
ERR: 无法加载模块:Css

[ 2015-01-26T10:13:32+08:00 ] 127.0.0.1 /wowo/css/stylesheet.css
INFO: [ app_init ] --START--
INFO: Run Behavior\BuildLiteBehavior [ RunTime:0.000000s ]
INFO: [ app_init ] --END-- [ RunTime:0.001000s ]
ERR: 无法加载模块:Css

[ 2015-01-26T10:13:34+08:00 ] 127.0.0.1 /wowo/css/stylesheet.css
INFO: [ app_init ] --START--
INFO: Run Behavior\BuildLiteBehavior [ RunTime:0.000000s ]
INFO: [ app_init ] --END-- [ RunTime:0.000000s ]
ERR: 无法加载模块:Css

[ 2015-01-26T10:21:04+08:00 ] 127.0.0.1 /wowo/style/css/stylesheet.css
INFO: [ app_init ] --START--
INFO: Run Behavior\BuildLiteBehavior [ RunTime:0.000000s ]
INFO: [ app_init ] --END-- [ RunTime:0.000000s ]
ERR: 无法加载模块:Style

[ 2015-01-26T10:22:18+08:00 ] 127.0.0.1 /wowo/style/css/stylesheet.css
INFO: [ app_init ] --START--
INFO: Run Behavior\BuildLiteBehavior [ RunTime:0.000000s ]
INFO: [ app_init ] --END-- [ RunTime:0.000000s ]
ERR: 无法加载模块:Style

[ 2015-01-26T10:22:20+08:00 ] 127.0.0.1 /wowo/style/css/stylesheet.css
INFO: [ app_init ] --START--
INFO: Run Behavior\BuildLiteBehavior [ RunTime:0.000000s ]
INFO: [ app_init ] --END-- [ RunTime:0.000000s ]
ERR: 无法加载模块:Style

[ 2015-01-26T10:22:52+08:00 ] 127.0.0.1 /wowo/__CSS__/css/stylesheet.css
INFO: [ app_init ] --START--
INFO: Run Behavior\BuildLiteBehavior [ RunTime:0.000000s ]
INFO: [ app_init ] --END-- [ RunTime:0.001000s ]
ERR: 无法加载模块:__CSS__

[ 2015-01-26T10:22:56+08:00 ] 127.0.0.1 /wowo/__CSS__/css/stylesheet.css
INFO: [ app_init ] --START--
INFO: Run Behavior\BuildLiteBehavior [ RunTime:0.000000s ]
INFO: [ app_init ] --END-- [ RunTime:0.000000s ]
ERR: 无法加载模块:__CSS__

[ 2015-01-26T10:22:57+08:00 ] 127.0.0.1 /wowo/__CSS__/css/stylesheet.css
INFO: [ app_init ] --START--
INFO: Run Behavior\BuildLiteBehavior [ RunTime:0.000000s ]
INFO: [ app_init ] --END-- [ RunTime:0.000000s ]
ERR: 无法加载模块:__CSS__

[ 2015-01-26T10:23:21+08:00 ] 127.0.0.1 /wowo/__CSS__/css/stylesheet.css
INFO: [ app_init ] --START--
INFO: Run Behavior\BuildLiteBehavior [ RunTime:0.000000s ]
INFO: [ app_init ] --END-- [ RunTime:0.000000s ]
ERR: 无法加载模块:__CSS__

[ 2015-01-26T10:23:28+08:00 ] 127.0.0.1 /wowo/__CSS__/css/stylesheet.css
INFO: [ app_init ] --START--
INFO: Run Behavior\BuildLiteBehavior [ RunTime:0.000000s ]
INFO: [ app_init ] --END-- [ RunTime:0.000000s ]
ERR: 无法加载模块:__CSS__

[ 2015-01-26T10:23:42+08:00 ] 127.0.0.1 /wowo/style/css/stylesheet.css
INFO: [ app_init ] --START--
INFO: Run Behavior\BuildLiteBehavior [ RunTime:0.000000s ]
INFO: [ app_init ] --END-- [ RunTime:0.001000s ]
ERR: 无法加载模块:Style

[ 2015-01-26T10:24:23+08:00 ] 127.0.0.1 /wowo/style/css/stylesheet.css
INFO: [ app_init ] --START--
INFO: Run Behavior\BuildLiteBehavior [ RunTime:0.000000s ]
INFO: [ app_init ] --END-- [ RunTime:0.000000s ]
ERR: 无法加载模块:Style

[ 2015-01-26T10:24:34+08:00 ] 127.0.0.1 /wowo/style/css/stylesheet.css
INFO: [ app_init ] --START--
INFO: Run Behavior\BuildLiteBehavior [ RunTime:0.000000s ]
INFO: [ app_init ] --END-- [ RunTime:0.001000s ]
ERR: 无法加载模块:Style

[ 2015-01-26T10:30:07+08:00 ] 127.0.0.1 /wowo/style/css/stylesheet.css
INFO: [ app_init ] --START--
INFO: Run Behavior\BuildLiteBehavior [ RunTime:0.000000s ]
INFO: [ app_init ] --END-- [ RunTime:0.000000s ]
ERR: 无法加载模块:Style

[ 2015-01-26T10:30:08+08:00 ] 127.0.0.1 /wowo/style/css/stylesheet.css
INFO: [ app_init ] --START--
INFO: Run Behavior\BuildLiteBehavior [ RunTime:0.000000s ]
INFO: [ app_init ] --END-- [ RunTime:0.000000s ]
ERR: 无法加载模块:Style

[ 2015-01-26T10:30:09+08:00 ] 127.0.0.1 /wowo/style/css/stylesheet.css
INFO: [ app_init ] --START--
INFO: Run Behavior\BuildLiteBehavior [ RunTime:0.000000s ]
INFO: [ app_init ] --END-- [ RunTime:0.000000s ]
ERR: 无法加载模块:Style

[ 2015-01-26T10:30:09+08:00 ] 127.0.0.1 /wowo/style/css/stylesheet.css
INFO: [ app_init ] --START--
INFO: Run Behavior\BuildLiteBehavior [ RunTime:0.000000s ]
INFO: [ app_init ] --END-- [ RunTime:0.001000s ]
ERR: 无法加载模块:Style

[ 2015-01-26T10:30:09+08:00 ] 127.0.0.1 /wowo/style/css/stylesheet.css
INFO: [ app_init ] --START--
INFO: Run Behavior\BuildLiteBehavior [ RunTime:0.000000s ]
INFO: [ app_init ] --END-- [ RunTime:0.000000s ]
ERR: 无法加载模块:Style

[ 2015-01-26T10:30:20+08:00 ] 127.0.0.1 /wowo/style/css/stylesheet.css
INFO: [ app_init ] --START--
INFO: Run Behavior\BuildLiteBehavior [ RunTime:0.000000s ]
INFO: [ app_init ] --END-- [ RunTime:0.001000s ]
ERR: 无法加载模块:Style

[ 2015-01-26T10:31:53+08:00 ] 127.0.0.1 /wowo/style/css/stylesheet.css
INFO: [ app_init ] --START--
INFO: Run Behavior\BuildLiteBehavior [ RunTime:0.000000s ]
INFO: [ app_init ] --END-- [ RunTime:0.000000s ]
ERR: 无法加载模块:Style

[ 2015-01-26T10:37:14+08:00 ] 127.0.0.1 /wowo/style/css/stylesheet.css
INFO: [ app_init ] --START--
INFO: Run Behavior\BuildLiteBehavior [ RunTime:0.000000s ]
INFO: [ app_init ] --END-- [ RunTime:0.001000s ]
ERR: 无法加载模块:Style

[ 2015-01-26T10:41:35+08:00 ] 127.0.0.1 /wowo/Index/index
INFO: [ app_init ] --START--
INFO: Run Behavior\BuildLiteBehavior [ RunTime:0.000000s ]
INFO: [ app_init ] --END-- [ RunTime:0.000000s ]
ERR: 无法加载模块:Index

[ 2015-01-26T11:04:12+08:00 ] 127.0.0.1 /wowo/Index.php/Index
INFO: [ app_init ] --START--
INFO: Run Behavior\BuildLiteBehavior [ RunTime:0.000000s ]
INFO: [ app_init ] --END-- [ RunTime:0.000000s ]
ERR: 无法加载模块:Index.php

[ 2015-01-26T11:04:17+08:00 ] 127.0.0.1 /wowo/Index.php/Index/index
INFO: [ app_init ] --START--
INFO: Run Behavior\BuildLiteBehavior [ RunTime:0.000000s ]
INFO: [ app_init ] --END-- [ RunTime:0.000000s ]
ERR: 无法加载模块:Index.php

[ 2015-01-26T11:04:22+08:00 ] 127.0.0.1 /wowo/Index.php/index
INFO: [ app_init ] --START--
INFO: Run Behavior\BuildLiteBehavior [ RunTime:0.000000s ]
INFO: [ app_init ] --END-- [ RunTime:0.000000s ]
ERR: 无法加载模块:Index.php

[ 2015-01-26T11:04:42+08:00 ] 127.0.0.1 /wowo/Index.php/index
INFO: [ app_init ] --START--
INFO: Run Behavior\BuildLiteBehavior [ RunTime:0.000000s ]
INFO: [ app_init ] --END-- [ RunTime:0.001000s ]
ERR: 无法加载模块:Index.php

[ 2015-01-26T13:10:55+08:00 ] 127.0.0.1 /wowo/www.baidu.com/
INFO: [ app_init ] --START--
INFO: Run Behavior\BuildLiteBehavior [ RunTime:0.000000s ]
INFO: [ app_init ] --END-- [ RunTime:0.000000s ]
ERR: 无法加载模块:Www.baidu

[ 2015-01-26T14:10:32+08:00 ] 127.0.0.1 /wowo/www.webxml.com.cn/WebServices/TrainTimeWebService.asmx/getStationAndTimeDataSetByLikeTrainCode?TrainCode=G1&UserID=&_=1422252628704
INFO: [ app_init ] --START--
INFO: Run Behavior\BuildLiteBehavior [ RunTime:0.000000s ]
INFO: [ app_init ] --END-- [ RunTime:0.000000s ]
ERR: 无法加载模块:Www.webxml.com.cn

[ 2015-01-26T14:14:47+08:00 ] 127.0.0.1 /wowo/www.webxml.com.cn/WebServices/TrainTimeWebService.asmx/getStationAndTimeDataSetByLikeTrainCode?TrainCode=G1&UserID=
INFO: [ app_init ] --START--
INFO: Run Behavior\BuildLiteBehavior [ RunTime:0.000000s ]
INFO: [ app_init ] --END-- [ RunTime:0.000000s ]
ERR: 无法加载模块:Www.webxml.com.cn

[ 2015-01-26T14:32:48+08:00 ] 127.0.0.1 /wowo/url
INFO: [ app_init ] --START--
INFO: Run Behavior\BuildLiteBehavior [ RunTime:0.000000s ]
INFO: [ app_init ] --END-- [ RunTime:0.001000s ]
ERR: 无法加载模块:Url

[ 2015-01-26T14:33:17+08:00 ] 127.0.0.1 /wowo/www.baidu.com
INFO: [ app_init ] --START--
INFO: Run Behavior\BuildLiteBehavior [ RunTime:0.000000s ]
INFO: [ app_init ] --END-- [ RunTime:0.000000s ]
ERR: 无法加载模块:Www.baidu

[ 2015-01-26T14:36:41+08:00 ] 127.0.0.1 /wowo/www.baidu.com?callback=jQuery1112017581524246019076_1422254195781
INFO: [ app_init ] --START--
INFO: Run Behavior\BuildLiteBehavior [ RunTime:0.000000s ]
INFO: [ app_init ] --END-- [ RunTime:0.000000s ]
ERR: 无法加载模块:Www.baidu

[ 2015-01-26T14:37:45+08:00 ] 127.0.0.1 /wowo/www.baidu.com?callback=jQuery111204624358728994108_1422254262638&name=John&location=Boston&_=1422254262639
INFO: [ app_init ] --START--
INFO: Run Behavior\BuildLiteBehavior [ RunTime:0.000000s ]
INFO: [ app_init ] --END-- [ RunTime:0.001000s ]
ERR: 无法加载模块:Www.baidu

